[2025-06-29 00:01:10] [Add EP] dammy526. 給 2 位使用者 增加了 2 EP
[2025-06-29 00:06:30] [Add EP] dammy526. 給 2 位使用者 新增了 2 EP
[2025-06-29 00:11:18] [Add EP] dammy526. 給 2 位使用者 新增了 2 EP
[2025-06-29 00:14:12] [Add EP] dammy526. 給 1 位使用者 新增了 2 EP
[2025-06-29 00:20:11] [訊息刪除] 🗑️ 訊息刪除 by dammy526.（ID: 856481799194148886）
頻道：#後台
內容：`1`
[2025-06-29 00:21:17] [訊息刪除] 🗑️ **訊息刪除**
原作者：dammy526.（<@856481799194148886>）
刪除者：（無法得知刪除者）
頻道：<#1336598200005689354>
內容：`1`
[2025-06-29 00:21:23] [訊息編輯] ✏️ **訊息編輯**
使用者：dammy526.（<@856481799194148886>）
頻道：<#1336598200005689354>
原內容：`1`
新內容：`2`
[2025-06-29 00:21:27] [訊息刪除] 🗑️ **訊息刪除**
原作者：dammy526.（<@856481799194148886>）
刪除者：（無法得知刪除者）
頻道：<#1336598200005689354>
內容：`2`
[2025-06-29 00:23:08] [訊息刪除] 🗑️ **訊息刪除**
原作者：dammy526.（<@856481799194148886>）
刪除者：（無法得知刪除者）
頻道：<#1336598200005689354>
內容：`1`
[2025-06-29 00:23:24] [訊息刪除] 🗑️ **訊息刪除**
原作者：dinosaur_yi（<@442194634869964800>）
刪除者：（無法得知刪除者）
頻道：<#1336598200005689354>
內容：`<:Doge_Numb:1366234829863256134>`
[2025-06-29 00:24:51] [訊息刪除] 🗑️ **訊息刪除**
原作者：dammy526.（<@856481799194148886>）
刪除者：（無法得知刪除者）
頻道：<#1336598200005689354>
內容：`1`
[2025-06-29 00:26:29] [訊息刪除] 🗑️ **訊息刪除**
原作者：dammy526.（<@856481799194148886>）
刪除者：⚠️ 查詢失敗，無法得知刪除者
頻道：<#1336598200005689354>
內容：`1`
[2025-06-29 00:31:58] [訊息刪除] 🗑️ **訊息刪除**
原作者：dammy526.（<@856481799194148886>）
刪除者：⚠️ 錯誤：無法從審查日誌取得刪除者
頻道：<#1336598200005689354>
內容：`1`
[2025-06-29 00:32:55] [訊息刪除] 🗑️ **訊息刪除**
原作者：dammy526.（<@856481799194148886>）
刪除者：dammy526.（<@856481799194148886>）
頻道：<#1336598200005689354>
內容：`1`
[2025-06-29 00:33:23] [訊息編輯] ✏️ **訊息編輯**
使用者：dammy526.（<@856481799194148886>）
頻道：<#1336598200005689354>
原內容：`1`
新內容：`2`
[2025-06-29 00:33:29] [訊息刪除] 🗑️ **訊息刪除**
原作者：dammy526.（<@856481799194148886>）
刪除者：dammy526.（<@856481799194148886>）
頻道：<#1336598200005689354>
內容：`2`
[2025-06-29 00:41:59] [Add EP] dammy526. 給 dammy526. 增加了 1 EP
[2025-06-29 04:06:14] [Add EP] dammy526. 給 2 位使用者 增加了 2 EP
[2025-06-29 04:49:11] [Add EP] dammy526. 給 2 位使用者 增加了 1 EP
[2025-06-29 04:53:02] [Add EP] dammy526. 給 2 位使用者 增加了 1 EP
[2025-06-29 04:54:41] [Add EP] dammy526. ✅ 已成功新增 1 EP 給 2 位使用者
[2025-06-29 04:57:26] [Add EP] dammy526. 新增 1 EP 給：<@856481799194148886>, <@1388452970160717824>
[2025-06-29 04:57:53] [訊息刪除] 🗑️ **訊息刪除**
原作者：dammy526.（<@856481799194148886>）
刪除者：dammy526.（<@856481799194148886>）
頻道：<#1336598200005689354>
內容：`1`
[2025-06-29 05:01:20] [Add EP] dammy526. 新增 1 EP 給：<@856481799194148886>, <@1388452970160717824>
[2025-06-29 05:03:05] [Add EP] dammy526. 新增 1 EP 給：@dammy526., @M.E.G bot
[2025-06-29 05:05:04] [Add EP] dammy526. 新增 1 EP 給：<@856481799194148886>, <@426537812993638400>
[2025-06-29 06:07:59] [訊息編輯] ✏️ **訊息編輯**
使用者：dammy526.（<@856481799194148886>）
頻道：<#1301435615757209600>
原內容：`***1: EP可以多人已改好
2: 後台系統改版
3.新增頻道刪除修改和新增後台
4.新增身分組給予或移除後台***`
新內容：`## ***1: EP可以多人已改好
2: 後台系統改版
3.新增頻道刪除修改和新增後台
4.新增身分組給予或移除後台***`
[2025-06-29 06:08:11] [訊息編輯] ✏️ **訊息編輯**
使用者：dammy526.（<@856481799194148886>）
頻道：<#1301435615757209600>
原內容：`## ***1: EP可以多人已改好
2: 後台系統改版
3.新增頻道刪除修改和新增後台
4.新增身分組給予或移除後台***`
新內容：`## 1: EP可以多人已改好
## 2: 後台系統改版
## 3.新增頻道刪除修改和新增後台
## 4.新增身分組給予或移除後台***`
[2025-06-29 06:08:18] [訊息編輯] ✏️ **訊息編輯**
使用者：dammy526.（<@856481799194148886>）
頻道：<#1301435615757209600>
原內容：`## 1: EP可以多人已改好
## 2: 後台系統改版
## 3.新增頻道刪除修改和新增後台
## 4.新增身分組給予或移除後台***`
新內容：`## 1: EP可以多人已改好
## 2: 後台系統改版
## 3.新增頻道刪除修改和新增後台
## 4.新增身分組給予或移除後台`
[2025-06-29 07:34:37] [訊息刪除] 🗑️ **訊息刪除**
原作者：dammy526.（<@856481799194148886>）
刪除者：dammy526.（<@856481799194148886>）
頻道：<#1336598200005689354>
內容：`Done`
[2025-06-29 08:19:30] [Add EP] dammy526. 新增 1 EP 給：<@1303566238768697374>
[2025-06-29 08:22:20] [Reduce EP] dammy526. 減少 1 EP 給：<@1303566238768697374>
[2025-06-29 08:22:57] [Add EP] dammy526. 新增 2 EP 給：<@856481799194148886>, <@1174357889792618550>, <@877854432073744384>, <@1170193865312055397>
[2025-06-29 08:28:26] [成員加入] 👤 使用者加入：obiwankenobi25（ID: 1055229718657499208）
[2025-06-29 09:29:46] [訊息刪除] 🗑️ **訊息刪除**
原作者：dammy526.（<@856481799194148886>）
刪除者：dammy526.（<@856481799194148886>）
頻道：<#1336598200005689354>
內容：`1`
[2025-06-29 10:50:22] [訊息編輯] ✏️ **訊息編輯**
使用者：dinosaur_yi（<@442194634869964800>）
頻道：<#1247917864195981333>
原內容：`另外沒被封就給你`
新內容：`分帳沒被封就給你`
[2025-06-29 11:05:12] [訊息刪除] 🗑️ **訊息刪除**
原作者：dammy526.（<@856481799194148886>）
刪除者：dammy526.（<@856481799194148886>）
頻道：<#1336598200005689354>
內容：`1`
[2025-06-29 11:05:34] [Add EP] dammy526. 新增 1 EP 給：<@856481799194148886>
[2025-06-29 11:52:13] [訊息刪除] 🗑️ **訊息刪除**
原作者：dammy526.（<@856481799194148886>）
刪除者：dammy526.（<@856481799194148886>）
頻道：<#1247917864195981333>
內容：`我在外面`
[2025-06-29 12:59:29] [訊息刪除] 🗑️ **訊息刪除**
原作者：dammy526.（<@856481799194148886>）
刪除者：dammy526.（<@856481799194148886>）
頻道：<#1247917864195981333>
內容：`一直叫我花椰菜`
[2025-06-29 13:55:38] [訊息刪除] 🗑️ **訊息刪除**
原作者：brawlstargame911（<@896237645578002462>）
刪除者：brawlstargame911（<@896237645578002462>）
頻道：<#1384165071453814815>
內容：`Yes.`
[2025-06-29 15:32:13] [訊息刪除] 🗑️ **訊息刪除**
原作者：zoe_1212（<@858680552474411058>）
刪除者：zoe_1212（<@858680552474411058>）
頻道：<#1247917864195981333>
內容：`（無內容）`
[2025-06-29 16:56:24] [訊息刪除] 🗑️ **訊息刪除**
原作者：dammy526.（<@856481799194148886>）
刪除者：dammy526.（<@856481799194148886>）
頻道：<#1336598200005689354>
內容：`<@&1251154445627297813>`
[2025-06-29 20:09:50] [成員加入] 👤 使用者加入：vitantonio.（ID: 1030548663262527658）
