[2025-07-01 08:57:35] [訊息刪除] 🗑️ **訊息刪除**
原作者：dammy526.（<@856481799194148886>）
頻道：<#1336598200005689354>
內容：`<@442194634869964800>`
[2025-07-01 20:36:09] [訊息編輯] ✏️ **訊息編輯**
使用者：dammy526.（<@856481799194148886>）
頻道：<#1389584652624461884>
原內容：`@everyone Sorry ping
如果bot狀態有炒到你們請跟我說`
新內容：`@everyone Sorry ping
如果bot狀態有吵到你們請跟我說`
[2025-07-01 22:37:03] [訊息刪除] 🗑️ **訊息刪除**
原作者：dammy526.（<@856481799194148886>）
頻道：<#1389612267812819035>
內容：`Pass`
[2025-07-01 23:03:26] [訊息刪除] 🗑️ **訊息刪除**
原作者：dammy526.（<@856481799194148886>）
頻道：<#1389582087807434782>
內容：`https://dammy526bot.github.io/M.E.G.-Bot/`
[2025-07-01 23:05:34] [訊息刪除] 🗑️ **訊息刪除**
原作者：dinosaur_yi（<@442194634869964800>）
頻道：<#1336598200005689354>
內容：`I see`
[2025-07-01 23:05:39] [訊息刪除] 🗑️ **訊息刪除**
原作者：dinosaur_yi（<@442194634869964800>）
頻道：<#1336598200005689354>
內容：`<@856481799194148886>`
[2025-07-01 23:05:46] [訊息刪除] 🗑️ **訊息刪除**
原作者：dinosaur_yi（<@442194634869964800>）
頻道：<#1336598200005689354>
內容：`Test or nah?`
[2025-07-01 23:05:58] [訊息刪除] 🗑️ **訊息刪除**
原作者：dinosaur_yi（<@442194634869964800>）
頻道：<#1336598200005689354>
內容：`Not bad`
[2025-07-01 23:06:21] [訊息刪除] 🗑️ **訊息刪除**
原作者：dinosaur_yi（<@442194634869964800>）
頻道：<#1336598200005689354>
內容：`<:I_m_rotten:1364473410331086868>`
[2025-07-01 23:07:53] [訊息刪除] 🗑️ **訊息刪除**
原作者：dinosaur_yi（<@442194634869964800>）
頻道：<#1336598200005689354>
內容：`Good luck, I gonna disappear`
